d:\游戏平台\debug\vc142.pdb
d:\游戏平台\debug\vc142.idb
d:\游戏平台\debug\player.obj
d:\游戏平台\debug\motabackground.obj
d:\游戏平台\debug\motaapp.obj
d:\游戏平台\debug\winmain.obj
d:\游戏平台\debug\foeslmgreen.obj
d:\游戏平台\debug\foeskullsmall.obj
d:\游戏平台\debug\foeskullmid.obj
d:\游戏平台\debug\foemageprimary.obj
d:\游戏平台\debug\foebox.obj
d:\游戏平台\debug\foebatsmall.obj
d:\游戏平台\debug\item.obj
d:\游戏平台\debug\游戏平台.ilk
d:\游戏平台\debug\游戏平台.exe
d:\游戏平台\debug\游戏平台.pdb
d:\游戏平台\debug\游戏平台.res
d:\游戏平台\debug\游戏平台.tlog\cl.command.1.tlog
d:\游戏平台\debug\游戏平台.tlog\cl.read.1.tlog
d:\游戏平台\debug\游戏平台.tlog\cl.write.1.tlog
d:\游戏平台\debug\游戏平台.tlog\link.command.1.tlog
d:\游戏平台\debug\游戏平台.tlog\link.read.1.tlog
d:\游戏平台\debug\游戏平台.tlog\link.write.1.tlog
d:\游戏平台\debug\游戏平台.tlog\rc.command.1.tlog
d:\游戏平台\debug\游戏平台.tlog\rc.read.1.tlog
d:\游戏平台\debug\游戏平台.tlog\rc.write.1.tlog
