C:\USERS\CODER\DOCUMENTS\VISUAL STUDIO 2012\PROJECTS\21年0322晚班\1007IMSERVER\1007IMSERVER\X64\DEBUG\KERNEL.OBJ
C:\USERS\CODER\DOCUMENTS\VISUAL STUDIO 2012\PROJECTS\21年0322晚班\1007IMSERVER\1007IMSERVER\X64\DEBUG\MAIN.OBJ
C:\USERS\CODER\DOCUMENTS\VISUAL STUDIO 2012\PROJECTS\21年0322晚班\1007IMSERVER\1007IMSERVER\X64\DEBUG\TCPCLIENTMEDIATOR.OBJ
C:\USERS\CODER\DOCUMENTS\VISUAL STUDIO 2012\PROJECTS\21年0322晚班\1007IMSERVER\1007IMSERVER\X64\DEBUG\TCPSERVERMEDIATOR.OBJ
C:\USERS\CODER\DOCUMENTS\VISUAL STUDIO 2012\PROJECTS\21年0322晚班\1007IMSERVER\1007IMSERVER\X64\DEBUG\UDPMEDIATOR.OBJ
C:\USERS\CODER\DOCUMENTS\VISUAL STUDIO 2012\PROJECTS\21年0322晚班\1007IMSERVER\1007IMSERVER\X64\DEBUG\CMYSQL.OBJ
C:\USERS\CODER\DOCUMENTS\VISUAL STUDIO 2012\PROJECTS\21年0322晚班\1007IMSERVER\1007IMSERVER\X64\DEBUG\TCPCLIENT.OBJ
C:\USERS\CODER\DOCUMENTS\VISUAL STUDIO 2012\PROJECTS\21年0322晚班\1007IMSERVER\1007IMSERVER\X64\DEBUG\TCPSERVER.OBJ
C:\USERS\CODER\DOCUMENTS\VISUAL STUDIO 2012\PROJECTS\21年0322晚班\1007IMSERVER\1007IMSERVER\X64\DEBUG\UDPNET.OBJ
C:\USERS\CODER\DOCUMENTS\VISUAL STUDIO 2012\PROJECTS\21年0322晚班\1007IMSERVER\1007IMSERVER\X64\DEBUG\VC110.PDB
C:\USERS\CODER\DOCUMENTS\VISUAL STUDIO 2012\PROJECTS\21年0322晚班\1007IMSERVER\X64\DEBUG\1007IMSERVER.ILK
C:\USERS\CODER\DOCUMENTS\VISUAL STUDIO 2012\PROJECTS\21年0322晚班\1007IMSERVER\X64\DEBUG\1007IMSERVER.EXE
C:\USERS\CODER\DOCUMENTS\VISUAL STUDIO 2012\PROJECTS\21年0322晚班\1007IMSERVER\X64\DEBUG\1007IMSERVER.PDB
C:\Users\coder\Documents\Visual Studio 2012\Projects\21年0322晚班\1007IMServer\1007IMServer\x64\Debug\CMySql.obj
C:\Users\coder\Documents\Visual Studio 2012\Projects\21年0322晚班\1007IMServer\1007IMServer\x64\Debug\Kernel.obj
C:\Users\coder\Documents\Visual Studio 2012\Projects\21年0322晚班\1007IMServer\1007IMServer\x64\Debug\main.obj
C:\Users\coder\Documents\Visual Studio 2012\Projects\21年0322晚班\1007IMServer\1007IMServer\x64\Debug\TcpClient.obj
C:\Users\coder\Documents\Visual Studio 2012\Projects\21年0322晚班\1007IMServer\1007IMServer\x64\Debug\TcpClientMediator.obj
C:\Users\coder\Documents\Visual Studio 2012\Projects\21年0322晚班\1007IMServer\1007IMServer\x64\Debug\TcpServer.obj
C:\Users\coder\Documents\Visual Studio 2012\Projects\21年0322晚班\1007IMServer\1007IMServer\x64\Debug\TcpServerMediator.obj
C:\Users\coder\Documents\Visual Studio 2012\Projects\21年0322晚班\1007IMServer\1007IMServer\x64\Debug\UdpMediator.obj
C:\Users\coder\Documents\Visual Studio 2012\Projects\21年0322晚班\1007IMServer\1007IMServer\x64\Debug\UdpNet.obj
C:\Users\coder\Documents\Visual Studio 2012\Projects\21年0322晚班\1007IMServer\1007IMServer\x64\Debug\cl.command.1.tlog
C:\Users\coder\Documents\Visual Studio 2012\Projects\21年0322晚班\1007IMServer\1007IMServer\x64\Debug\CL.read.1.tlog
C:\Users\coder\Documents\Visual Studio 2012\Projects\21年0322晚班\1007IMServer\1007IMServer\x64\Debug\CL.write.1.tlog
C:\Users\coder\Documents\Visual Studio 2012\Projects\21年0322晚班\1007IMServer\1007IMServer\x64\Debug\link-cvtres.read.1.tlog
C:\Users\coder\Documents\Visual Studio 2012\Projects\21年0322晚班\1007IMServer\1007IMServer\x64\Debug\link-cvtres.write.1.tlog
C:\Users\coder\Documents\Visual Studio 2012\Projects\21年0322晚班\1007IMServer\1007IMServer\x64\Debug\link-rc.read.1.tlog
C:\Users\coder\Documents\Visual Studio 2012\Projects\21年0322晚班\1007IMServer\1007IMServer\x64\Debug\link-rc.write.1.tlog
C:\Users\coder\Documents\Visual Studio 2012\Projects\21年0322晚班\1007IMServer\1007IMServer\x64\Debug\link.command.1.tlog
C:\Users\coder\Documents\Visual Studio 2012\Projects\21年0322晚班\1007IMServer\1007IMServer\x64\Debug\link.read.1.tlog
C:\Users\coder\Documents\Visual Studio 2012\Projects\21年0322晚班\1007IMServer\1007IMServer\x64\Debug\link.write.1.tlog
C:\Users\coder\Documents\Visual Studio 2012\Projects\21年0322晚班\1007IMServer\1007IMServer\x64\Debug\vc110.idb
C:\Users\coder\Documents\Visual Studio 2012\Projects\21年0322晚班\1007IMServer\1007IMServer\x64\Debug\vc110.pdb
C:\Users\coder\Documents\Visual Studio 2012\Projects\21年0322晚班\1007IMServer\x64\Debug\1007IMServer.pdb
C:\Users\coder\Documents\Visual Studio 2012\Projects\21年0322晚班\1007IMServer\x64\Debug\1007IMServer.exe
C:\Users\coder\Documents\Visual Studio 2012\Projects\21年0322晚班\1007IMServer\x64\Debug\1007IMServer.ilk
